<?xml version="1.0" encoding="UTF-8"?>
<testsuite name="com.wireblend.yttp.discgolf.ApplicationSpec" tests="1" skipped="0" failures="0" errors="0" timestamp="2016-10-24T01:17:07" hostname="breakdown" time="0.461">
  <properties/>
  <testcase name="main starts spring application" classname="com.wireblend.yttp.discgolf.ApplicationSpec" time="0.461"/>
  <system-out><![CDATA[]]></system-out>
  <system-err><![CDATA[]]></system-err>
</testsuite>
